<?xml version="1.0" encoding="UTF-8"?>
<testng-results ignored="0" total="1" passed="1" failed="0" skipped="0">
  <reporter-output>
  </reporter-output>
  <suite started-at="2023-07-22T11:31:08 IST" name="Default suite" finished-at="2023-07-22T11:31:29 IST" duration-ms="20785">
    <groups>
    </groups>
    <test started-at="2023-07-22T11:31:08 IST" name="Default test" finished-at="2023-07-22T11:31:29 IST" duration-ms="20785">
      <class name="com.myntraProjectFinalUpdated1.App">
        <test-method is-config="true" signature="setup()[pri:0, instance:com.myntraProjectFinalUpdated1.App@5d0a1059]" started-at="2023-07-22T11:31:09 IST" name="setup" finished-at="2023-07-22T11:31:12 IST" duration-ms="3625" status="PASS">
          <reporter-output>
          </reporter-output>
        </test-method> <!-- setup -->
        <test-method signature="search()[pri:0, instance:com.myntraProjectFinalUpdated1.App@5d0a1059]" started-at="2023-07-22T11:31:12 IST" name="search" finished-at="2023-07-22T11:31:29 IST" duration-ms="16626" status="PASS">
          <reporter-output>
          </reporter-output>
        </test-method> <!-- search -->
        <test-method is-config="true" signature="tearDown()[pri:0, instance:com.myntraProjectFinalUpdated1.App@5d0a1059]" started-at="2023-07-22T11:31:29 IST" name="tearDown" finished-at="2023-07-22T11:31:29 IST" duration-ms="497" status="PASS">
          <reporter-output>
          </reporter-output>
        </test-method> <!-- tearDown -->
      </class> <!-- com.myntraProjectFinalUpdated1.App -->
    </test> <!-- Default test -->
  </suite> <!-- Default suite -->
</testng-results>
